This is pdfTeX, Version 3.14159265-2.6-1.40.18 (MiKTeX 2.9.6350 64-bit) (preloaded format=pdflatex 2017.6.23)  17 APR 2018 09:40
entering extended mode
**"./genetic toggle switch results.tex"
("genetic toggle switch results.tex"
LaTeX2e <2017-04-15>
Babel <3.10> and hyphenation patterns for 75 language(s) loaded.
("C:\Program Files\MiKTeX 2.9\tex\latex\base\book.cls"
Document Class: book 2014/09/29 v1.4h Standard LaTeX document class
("C:\Program Files\MiKTeX 2.9\tex\latex\base\bk11.clo"
File: bk11.clo 2014/09/29 v1.4h Standard LaTeX file (size option)
)
\c@part=\count79
\c@chapter=\count80
\c@section=\count81
\c@subsection=\count82
\c@subsubsection=\count83
\c@paragraph=\count84
\c@subparagraph=\count85
\c@figure=\count86
\c@table=\count87
\abovecaptionskip=\skip41
\belowcaptionskip=\skip42
\bibindent=\dimen102
)
("C:\Program Files\MiKTeX 2.9\tex\latex\amsmath\amsmath.sty"
Package: amsmath 2016/11/05 v2.16a AMS math features
\@mathmargin=\skip43

For additional information on amsmath, use the `?' option.
("C:\Program Files\MiKTeX 2.9\tex\latex\amsmath\amstext.sty"
Package: amstext 2000/06/29 v2.01 AMS text

("C:\Program Files\MiKTeX 2.9\tex\latex\amsmath\amsgen.sty"
File: amsgen.sty 1999/11/30 v2.0 generic functions
\@emptytoks=\toks14
\ex@=\dimen103
))
("C:\Program Files\MiKTeX 2.9\tex\latex\amsmath\amsbsy.sty"
Package: amsbsy 1999/11/29 v1.2d Bold Symbols
\pmbraise@=\dimen104
)
("C:\Program Files\MiKTeX 2.9\tex\latex\amsmath\amsopn.sty"
Package: amsopn 2016/03/08 v2.02 operator names
)
\inf@bad=\count88
LaTeX Info: Redefining \frac on input line 213.
\uproot@=\count89
\leftroot@=\count90
LaTeX Info: Redefining \overline on input line 375.
\classnum@=\count91
\DOTSCASE@=\count92
LaTeX Info: Redefining \ldots on input line 472.
LaTeX Info: Redefining \dots on input line 475.
LaTeX Info: Redefining \cdots on input line 596.
\Mathstrutbox@=\box26
\strutbox@=\box27
\big@size=\dimen105
LaTeX Font Info:    Redeclaring font encoding OML on input line 712.
LaTeX Font Info:    Redeclaring font encoding OMS on input line 713.
\macc@depth=\count93
\c@MaxMatrixCols=\count94
\dotsspace@=\muskip10
\c@parentequation=\count95
\dspbrk@lvl=\count96
\tag@help=\toks15
\row@=\count97
\column@=\count98
\maxfields@=\count99
\andhelp@=\toks16
\eqnshift@=\dimen106
\alignsep@=\dimen107
\tagshift@=\dimen108
\tagwidth@=\dimen109
\totwidth@=\dimen110
\lineht@=\dimen111
\@envbody=\toks17
\multlinegap=\skip44
\multlinetaggap=\skip45
\mathdisplay@stack=\toks18
LaTeX Info: Redefining \[ on input line 2817.
LaTeX Info: Redefining \] on input line 2818.
)
("C:\Program Files\MiKTeX 2.9\tex\latex\amsfonts\amsfonts.sty"
Package: amsfonts 2013/01/14 v3.01 Basic AMSFonts support
\symAMSa=\mathgroup4
\symAMSb=\mathgroup5
LaTeX Font Info:    Overwriting math alphabet `\mathfrak' in version `bold'
(Font)                  U/euf/m/n --> U/euf/b/n on input line 106.
)
("C:\Program Files\MiKTeX 2.9\tex\latex\amsfonts\amssymb.sty"
Package: amssymb 2013/01/14 v3.01 AMS font symbols
)
("C:\Program Files\MiKTeX 2.9\tex\latex\graphics\graphicx.sty"
Package: graphicx 2014/10/28 v1.0g Enhanced LaTeX Graphics (DPC,SPQR)

("C:\Program Files\MiKTeX 2.9\tex\latex\graphics\keyval.sty"
Package: keyval 2014/10/28 v1.15 key=value parser (DPC)
\KV@toks@=\toks19
)
("C:\Program Files\MiKTeX 2.9\tex\latex\graphics\graphics.sty"
Package: graphics 2017/04/14 v1.1b Standard LaTeX Graphics (DPC,SPQR)

("C:\Program Files\MiKTeX 2.9\tex\latex\graphics\trig.sty"
Package: trig 2016/01/03 v1.10 sin cos tan (DPC)
)
("C:\Program Files\MiKTeX 2.9\tex\latex\graphics-cfg\graphics.cfg"
File: graphics.cfg 2016/06/04 v1.11 sample graphics configuration
)
Package graphics Info: Driver file: pdftex.def on input line 99.

("C:\Program Files\MiKTeX 2.9\tex\latex\graphics-def\pdftex.def"
File: pdftex.def 2017/01/12 v0.06k Graphics/color for pdfTeX

("C:\Program Files\MiKTeX 2.9\tex\generic\oberdiek\infwarerr.sty"
Package: infwarerr 2016/05/16 v1.4 Providing info/warning/error messages (HO)
)
("C:\Program Files\MiKTeX 2.9\tex\generic\oberdiek\ltxcmds.sty"
Package: ltxcmds 2016/05/16 v1.23 LaTeX kernel commands for general use (HO)
)
\Gread@gobject=\count100
))
\Gin@req@height=\dimen112
\Gin@req@width=\dimen113
)
("C:\Program Files\MiKTeX 2.9\tex\latex\caption\caption.sty"
Package: caption 2016/02/21 v3.3-144 Customizing captions (AR)

("C:\Program Files\MiKTeX 2.9\tex\latex\caption\caption3.sty"
Package: caption3 2016/05/22 v1.7-166 caption3 kernel (AR)
Package caption3 Info: TeX engine: e-TeX on input line 67.
\captionmargin=\dimen114
\captionmargin@=\dimen115
\captionwidth=\dimen116
\caption@tempdima=\dimen117
\caption@indent=\dimen118
\caption@parindent=\dimen119
\caption@hangindent=\dimen120
)
\c@ContinuedFloat=\count101
)
("C:\Program Files\MiKTeX 2.9\tex\latex\caption\subcaption.sty"
Package: subcaption 2016/05/22 v1.1-161 Sub-captions (AR)
\c@subfigure=\count102
\c@subtable=\count103
)
("C:\Program Files\MiKTeX 2.9\tex\latex\a4wide\a4wide.sty"
Package: a4wide 1994/08/30

("C:\Program Files\MiKTeX 2.9\tex\latex\ntgclass\a4.sty"
Package: a4 2004/04/15 v1.2g A4 based page layout
))
("genetic toggle switch results.aux")
\openout1 = `"genetic toggle switch results.aux"'.

LaTeX Font Info:    Checking defaults for OML/cmm/m/it on input line 13.
LaTeX Font Info:    ... okay on input line 13.
LaTeX Font Info:    Checking defaults for T1/cmr/m/n on input line 13.
LaTeX Font Info:    ... okay on input line 13.
LaTeX Font Info:    Checking defaults for OT1/cmr/m/n on input line 13.
LaTeX Font Info:    ... okay on input line 13.
LaTeX Font Info:    Checking defaults for OMS/cmsy/m/n on input line 13.
LaTeX Font Info:    ... okay on input line 13.
LaTeX Font Info:    Checking defaults for OMX/cmex/m/n on input line 13.
LaTeX Font Info:    ... okay on input line 13.
LaTeX Font Info:    Checking defaults for U/cmr/m/n on input line 13.
LaTeX Font Info:    ... okay on input line 13.

("C:\Program Files\MiKTeX 2.9\tex\context\base\supp-pdf.mkii"
[Loading MPS to PDF converter (version 2006.09.02).]
\scratchcounter=\count104
\scratchdimen=\dimen121
\scratchbox=\box28
\nofMPsegments=\count105
\nofMParguments=\count106
\everyMPshowfont=\toks20
\MPscratchCnt=\count107
\MPscratchDim=\dimen122
\MPnumerator=\count108
\makeMPintoPDFobject=\count109
\everyMPtoPDFconversion=\toks21
) ("C:\Program Files\MiKTeX 2.9\tex\generic\oberdiek\pdftexcmds.sty"
Package: pdftexcmds 2017/03/19 v0.25 Utility functions of pdfTeX for LuaTeX (HO
)

("C:\Program Files\MiKTeX 2.9\tex\generic\oberdiek\ifluatex.sty"
Package: ifluatex 2016/05/16 v1.4 Provides the ifluatex switch (HO)
Package ifluatex Info: LuaTeX not detected.
)
("C:\Program Files\MiKTeX 2.9\tex\generic\oberdiek\ifpdf.sty"
Package: ifpdf 2017/03/15 v3.2 Provides the ifpdf switch
)
Package pdftexcmds Info: LuaTeX not detected.
Package pdftexcmds Info: \pdf@primitive is available.
Package pdftexcmds Info: \pdf@ifprimitive is available.
Package pdftexcmds Info: \pdfdraftmode found.
)
("C:\Program Files\MiKTeX 2.9\tex\latex\oberdiek\epstopdf-base.sty"
Package: epstopdf-base 2016/05/15 v2.6 Base part for package epstopdf

("C:\Program Files\MiKTeX 2.9\tex\latex\oberdiek\grfext.sty"
Package: grfext 2016/05/16 v1.2 Manage graphics extensions (HO)

("C:\Program Files\MiKTeX 2.9\tex\generic\oberdiek\kvdefinekeys.sty"
Package: kvdefinekeys 2016/05/16 v1.4 Define keys (HO)
))
("C:\Program Files\MiKTeX 2.9\tex\latex\oberdiek\kvoptions.sty"
Package: kvoptions 2016/05/16 v3.12 Key value format for package options (HO)

("C:\Program Files\MiKTeX 2.9\tex\generic\oberdiek\kvsetkeys.sty"
Package: kvsetkeys 2016/05/16 v1.17 Key value parser (HO)

("C:\Program Files\MiKTeX 2.9\tex\generic\oberdiek\etexcmds.sty"
Package: etexcmds 2016/05/16 v1.6 Avoid name clashes with e-TeX commands (HO)
Package etexcmds Info: Could not find \expanded.
(etexcmds)             That can mean that you are not using pdfTeX 1.50 or
(etexcmds)             that some package has redefined \expanded.
(etexcmds)             In the latter case, load this package earlier.
)))
Package epstopdf-base Info: Redefining graphics rule for `.eps' on input line 4
38.
Package grfext Info: Graphics extension search list:
(grfext)             [.png,.pdf,.jpg,.mps,.jpeg,.jbig2,.jb2,.PNG,.PDF,.JPG,.JPE
G,.JBIG2,.JB2,.eps]
(grfext)             \AppendGraphicsExtensions on input line 456.
)
Package caption Info: Begin \AtBeginDocument code.
Package caption Info: End \AtBeginDocument code.

Chapter 1.
<ONC1growthrate.pdf, id=1, 421.575pt x 316.95113pt>
File: ONC1growthrate.pdf Graphic file (type pdf)
 <use ONC1growthrate.pdf>
Package pdftex.def Info: ONC1growthrate.pdf used on input line 35.
(pdftex.def)             Requested size: 337.26045pt x 253.56122pt.

<ONC2growthrate.pdf, id=2, 421.575pt x 316.95113pt>
File: ONC2growthrate.pdf Graphic file (type pdf)
 <use ONC2growthrate.pdf>
Package pdftex.def Info: ONC2growthrate.pdf used on input line 42.
(pdftex.def)             Requested size: 337.26045pt x 253.56122pt.

[1


{C:/ProgramData/MiKTeX/2.9/pdftex/config/pdftex.map}] [2 <./ONC1growthrate.pdf>
 <./ONC2growthrate.pdf>]
<ONC1switchrate.pdf, id=20, 421.575pt x 316.95113pt>
File: ONC1switchrate.pdf Graphic file (type pdf)
 <use ONC1switchrate.pdf>
Package pdftex.def Info: ONC1switchrate.pdf used on input line 58.
(pdftex.def)             Requested size: 337.26045pt x 253.56122pt.

<ONC2switchrate.pdf, id=21, 421.575pt x 316.95113pt>
File: ONC2switchrate.pdf Graphic file (type pdf)
 <use ONC2switchrate.pdf>
Package pdftex.def Info: ONC2switchrate.pdf used on input line 65.
(pdftex.def)             Requested size: 337.26045pt x 253.56122pt.


LaTeX Warning: `h' float specifier changed to `ht'.


Underfull \vbox (badness 10000) has occurred while \output is active []

 [3 <./ONC1switchrate.pdf>] <greenstate008Composite.jpg, id=28, 2055.68pt x 205
1.665pt>
File: greenstate008Composite.jpg Graphic file (type jpg)

<use greenstate008Composite.jpg>
Package pdftex.def Info: greenstate008Composite.jpg used on input line 84.
(pdftex.def)             Requested size: 199.19283pt x 198.79213pt.
LaTeX Font Info:    Try loading font information for U+msa on input line 87.

("C:\Program Files\MiKTeX 2.9\tex\latex\amsfonts\umsa.fd"
File: umsa.fd 2013/01/14 v3.01 AMS symbols A
)
LaTeX Font Info:    Try loading font information for U+msb on input line 87.

("C:\Program Files\MiKTeX 2.9\tex\latex\amsfonts\umsb.fd"
File: umsb.fd 2013/01/14 v3.01 AMS symbols B
)
<redstate014Composite.jpg, id=29, 2055.68pt x 2051.665pt>
File: redstate014Composite.jpg Graphic file (type jpg)

<use redstate014Composite.jpg>
Package pdftex.def Info: redstate014Composite.jpg used on input line 90.
(pdftex.def)             Requested size: 199.19283pt x 198.79213pt.


LaTeX Warning: `h' float specifier changed to `ht'.

<d8007LateComposite.jpg, id=30, 2055.68pt x 2051.665pt>
File: d8007LateComposite.jpg Graphic file (type jpg)

<use d8007LateComposite.jpg>
Package pdftex.def Info: d8007LateComposite.jpg used on input line 101.
(pdftex.def)             Requested size: 199.19283pt x 198.79213pt.

<h8LateComposite.jpg, id=31, 2055.68pt x 2051.665pt>
File: h8LateComposite.jpg Graphic file (type jpg)
 <use h8LateComposite.jpg>
Package pdftex.def Info: h8LateComposite.jpg used on input line 107.
(pdftex.def)             Requested size: 199.19283pt x 198.79213pt.

Underfull \vbox (badness 1931) has occurred while \output is active []

 [4 <./ONC2switchrate.pdf>]

pdfTeX warning: pdflatex (file ./greenstate008GFP.pdf): PDF inclusion: found PD
F version <1.6>, but at most version <1.5> allowed
<greenstate008GFP.pdf, id=38, 361.35pt x 226.83948pt>
File: greenstate008GFP.pdf Graphic file (type pdf)

<use greenstate008GFP.pdf>
Package pdftex.def Info: greenstate008GFP.pdf used on input line 124.
(pdftex.def)             Requested size: 199.19283pt x 125.04591pt.

<greenstate008RFP.pdf, id=39, 361.35pt x 226.83948pt>
File: greenstate008RFP.pdf Graphic file (type pdf)

<use greenstate008RFP.pdf>
Package pdftex.def Info: greenstate008RFP.pdf used on input line 130.
(pdftex.def)             Requested size: 199.19283pt x 125.04591pt.
 <redstate014GFP.pdf, id=40, 361.35pt x 225.23347pt>
File: redstate014GFP.pdf Graphic file (type pdf)

<use redstate014GFP.pdf>
Package pdftex.def Info: redstate014GFP.pdf used on input line 140.
(pdftex.def)             Requested size: 199.19283pt x 124.1606pt.
 <redstate014RFP.pdf, id=41, 361.35pt x 225.23347pt>
File: redstate014RFP.pdf Graphic file (type pdf)

<use redstate014RFP.pdf>
Package pdftex.def Info: redstate014RFP.pdf used on input line 146.
(pdftex.def)             Requested size: 199.19283pt x 124.1606pt.


LaTeX Warning: `h' float specifier changed to `ht'.

<d8007GFP.pdf, id=42, 361.35pt x 225.23347pt>
File: d8007GFP.pdf Graphic file (type pdf)
 <use d8007GFP.pdf>
Package pdftex.def Info: d8007GFP.pdf used on input line 157.
(pdftex.def)             Requested size: 199.19283pt x 124.1606pt.

<d8007RFP.pdf, id=43, 361.35pt x 225.23347pt>
File: d8007RFP.pdf Graphic file (type pdf)
 <use d8007RFP.pdf>
Package pdftex.def Info: d8007RFP.pdf used on input line 163.
(pdftex.def)             Requested size: 199.19283pt x 124.1606pt.


LaTeX Warning: `h' float specifier changed to `ht'.

<h8LateGFP.pdf, id=44, 361.35pt x 225.23347pt>
File: h8LateGFP.pdf Graphic file (type pdf)
 <use h8LateGFP.pdf>
Package pdftex.def Info: h8LateGFP.pdf used on input line 174.
(pdftex.def)             Requested size: 199.19283pt x 124.1606pt.

<h8LateRFP.pdf, id=45, 361.35pt x 225.23347pt>
File: h8LateRFP.pdf Graphic file (type pdf)
 <use h8LateRFP.pdf>
Package pdftex.def Info: h8LateRFP.pdf used on input line 180.
(pdftex.def)             Requested size: 199.19283pt x 124.1606pt.


LaTeX Warning: `h' float specifier changed to `ht'.


Underfull \vbox (badness 10000) has occurred while \output is active []

 [5 <./greenstate008Composite.jpg> <./redstate014Composite.jpg>] [6 <./d8007Lat
eComposite.jpg> <./h8LateComposite.jpg> <./greenstate008GFP.pdf> <./greenstate0
08RFP.pdf>] [7 <./redstate014GFP.pdf> <./redstate014RFP.pdf> <./d8007GFP.pdf> <
./d8007RFP.pdf> <./h8LateGFP.pdf> <./h8LateRFP.pdf>] [8

]
Chapter 2.
<concentrationGradient.pdf, id=109, 745.687pt x 401.57729pt>
File: concentrationGradient.pdf Graphic file (type pdf)

<use concentrationGradient.pdf>
Package pdftex.def Info: concentrationGradient.pdf used on input line 213.
(pdftex.def)             Requested size: 596.5504pt x 321.26225pt.


LaTeX Warning: `h' float specifier changed to `ht'.


Underfull \vbox (badness 10000) has occurred while \output is active []

 [9]
<OD-LogPlot.pdf, id=113, 361.35pt x 239.38133pt>
File: OD-LogPlot.pdf Graphic file (type pdf)
 <use OD-LogPlot.pdf>
Package pdftex.def Info: OD-LogPlot.pdf used on input line 221.
(pdftex.def)             Requested size: 614.29239pt x 406.94652pt.


LaTeX Warning: Float too large for page by 14.8921pt on input line 225.


LaTeX Warning: `h' float specifier changed to `ht'.

<GfpPlusRfpByODCorrectedYMax80000.pdf, id=114, 361.35pt x 239.38133pt>
File: GfpPlusRfpByODCorrectedYMax80000.pdf Graphic file (type pdf)

<use GfpPlusRfpByODCorrectedYMax80000.pdf>
Package pdftex.def Info: GfpPlusRfpByODCorrectedYMax80000.pdf used on input lin
e 229.
(pdftex.def)             Requested size: 614.29239pt x 406.94652pt.


LaTeX Warning: Float too large for page by 1.2921pt on input line 233.


LaTeX Warning: `h' float specifier changed to `ht'.


Underfull \vbox (badness 10000) has occurred while \output is active []

 [10]
<LogGfpPlusRfpByODCorrectedYMax12.pdf, id=118, 361.35pt x 239.38133pt>
File: LogGfpPlusRfpByODCorrectedYMax12.pdf Graphic file (type pdf)

<use LogGfpPlusRfpByODCorrectedYMax12.pdf>
Package pdftex.def Info: LogGfpPlusRfpByODCorrectedYMax12.pdf used on input lin
e 240.
(pdftex.def)             Requested size: 614.29239pt x 406.94652pt.


LaTeX Warning: Float too large for page by 1.2921pt on input line 244.


LaTeX Warning: `h' float specifier changed to `ht'.

[11 <./concentrationGradient.pdf>] [12 <./OD-LogPlot.pdf>] [13 <./GfpPlusRfpByO
DCorrectedYMax80000.pdf>] [14 <./LogGfpPlusRfpByODCorrectedYMax12.pdf>]
("genetic toggle switch results.aux") ) 
Here is how much of TeX's memory you used:
 3665 strings out of 493323
 54970 string characters out of 3139057
 117914 words of memory out of 3000000
 7143 multiletter control sequences out of 15000+200000
 11110 words of font info for 41 fonts, out of 3000000 for 9000
 1141 hyphenation exceptions out of 8191
 39i,8n,39p,722b,335s stack positions out of 5000i,500n,10000p,200000b,50000s
<C:/Program Files/MiKTeX 2.9/fonts/type1
/public/amsfonts/cm/cmbx12.pfb><C:/Program Files/MiKTeX 2.9/fonts/type1/public/
amsfonts/cm/cmmi10.pfb><C:/Program Files/MiKTeX 2.9/fonts/type1/public/amsfonts
/cm/cmr10.pfb><C:/Program Files/MiKTeX 2.9/fonts/type1/public/amsfonts/cm/cmsl1
0.pfb><C:/Program Files/MiKTeX 2.9/fonts/type1/public/amsfonts/cm/cmsy10.pfb><C
:/Program Files/MiKTeX 2.9/fonts/type1/public/amsfonts/cm/cmti10.pfb>
Output written on "genetic toggle switch results.pdf" (14 pages, 11938737 bytes
).
PDF statistics:
 200 PDF objects out of 1000 (max. 8388607)
 0 named destinations out of 1000 (max. 500000)
 101 words of extra memory for PDF output out of 10000 (max. 10000000)

